2024-12-16 00:44:15,293 - __main__ - INFO - Starting SpaceTraders Zero
2024-12-16 00:44:15,293 - __main__ - INFO - Environment variables loaded
2024-12-16 00:44:15,293 - __main__ - INFO - Initializing WX App
2024-12-16 00:44:15,300 - root - INFO - MainWindow: Base window initialized
2024-12-16 00:44:15,300 - root - INFO - MainWindow: API client created
2024-12-16 00:44:15,300 - root - INFO - Automated trader initialized
2024-12-16 00:44:15,300 - root - INFO - MainWindow: Trader agent initialized
2024-12-16 00:44:15,300 - root - INFO - MainWindow: Timer initialized
2024-12-16 00:44:15,376 - root - INFO - MainWindow: UI initialized
2024-12-16 00:44:15,391 - root - INFO - MainWindow: Tray initialized
2024-12-16 00:44:15,411 - __main__ - INFO - Main window created and shown
2024-12-16 00:45:01,961 - root - DEBUG - Starting agent cycle
2024-12-16 00:45:01,961 - root - DEBUG - Using auth token: Bearer eyJhbGci...
2024-12-16 00:45:01,963 - urllib3.connectionpool - DEBUG - Starting new HTTPS connection (1): api.spacetraders.io:443
2024-12-16 00:45:02,477 - urllib3.connectionpool - DEBUG - https://api.spacetraders.io:443 "GET /v2/my/ships HTTP/11" 200 6340
2024-12-16 00:45:02,477 - root - DEBUG - Using auth token: Bearer eyJhbGci...
2024-12-16 00:45:02,478 - urllib3.connectionpool - DEBUG - Starting new HTTPS connection (1): api.spacetraders.io:443
2024-12-16 00:45:02,769 - urllib3.connectionpool - DEBUG - https://api.spacetraders.io:443 "GET /v2/my/ships/ORIN-1 HTTP/11" 200 4742
2024-12-16 00:45:02,771 - root - INFO - Ship ORIN-1 cannot mine: Ship does not have mining equipment
2024-12-16 00:45:02,771 - root - DEBUG - Using auth token: Bearer eyJhbGci...
2024-12-16 00:45:02,772 - urllib3.connectionpool - DEBUG - Starting new HTTPS connection (1): api.spacetraders.io:443
2024-12-16 00:45:03,093 - urllib3.connectionpool - DEBUG - https://api.spacetraders.io:443 "GET /v2/my/ships/ORIN-2 HTTP/11" 200 1565
2024-12-16 00:45:03,094 - root - INFO - Ship ORIN-2 cannot mine: Ship does not have mining equipment
2024-12-16 00:45:03,094 - root - DEBUG - Using auth token: Bearer eyJhbGci...
2024-12-16 00:45:03,094 - urllib3.connectionpool - DEBUG - Starting new HTTPS connection (1): api.spacetraders.io:443
2024-12-16 00:45:03,395 - urllib3.connectionpool - DEBUG - https://api.spacetraders.io:443 "GET /v2/systems/X1-TY45/waypoints HTTP/11" 200 6912
2024-12-16 00:45:03,399 - root - DEBUG - Using auth token: Bearer eyJhbGci...
2024-12-16 00:45:03,399 - urllib3.connectionpool - DEBUG - Starting new HTTPS connection (1): api.spacetraders.io:443
2024-12-16 00:45:03,692 - urllib3.connectionpool - DEBUG - https://api.spacetraders.io:443 "GET /v2/systems/X1-TY45/waypoints HTTP/11" 200 6912
2024-12-16 00:45:03,693 - root - DEBUG - Using auth token: Bearer eyJhbGci...
2024-12-16 00:45:03,695 - urllib3.connectionpool - DEBUG - Starting new HTTPS connection (1): api.spacetraders.io:443
2024-12-16 00:45:03,994 - urllib3.connectionpool - DEBUG - https://api.spacetraders.io:443 "GET /v2/my/ships HTTP/11" 200 6340
2024-12-16 00:45:03,997 - root - DEBUG - Using auth token: Bearer eyJhbGci...
2024-12-16 00:45:03,998 - urllib3.connectionpool - DEBUG - Starting new HTTPS connection (1): api.spacetraders.io:443
2024-12-16 00:45:04,297 - urllib3.connectionpool - DEBUG - https://api.spacetraders.io:443 "GET /v2/systems/X1-TY45/waypoints HTTP/11" 200 6912
2024-12-16 00:45:04,299 - root - DEBUG - Using auth token: Bearer eyJhbGci...
2024-12-16 00:45:04,300 - urllib3.connectionpool - DEBUG - Starting new HTTPS connection (1): api.spacetraders.io:443
2024-12-16 00:45:04,599 - urllib3.connectionpool - DEBUG - https://api.spacetraders.io:443 "GET /v2/systems/X1-TY45/waypoints HTTP/11" 200 6912
2024-12-16 00:45:09,602 - root - DEBUG - Starting agent cycle
2024-12-16 00:45:09,602 - root - DEBUG - Using auth token: Bearer eyJhbGci...
2024-12-16 00:45:09,605 - urllib3.connectionpool - DEBUG - Starting new HTTPS connection (1): api.spacetraders.io:443
2024-12-16 00:45:10,059 - urllib3.connectionpool - DEBUG - https://api.spacetraders.io:443 "GET /v2/my/ships HTTP/11" 200 6340
2024-12-16 00:45:10,061 - root - DEBUG - Using auth token: Bearer eyJhbGci...
2024-12-16 00:45:10,064 - urllib3.connectionpool - DEBUG - Starting new HTTPS connection (1): api.spacetraders.io:443
2024-12-16 00:45:10,355 - urllib3.connectionpool - DEBUG - https://api.spacetraders.io:443 "GET /v2/my/ships/ORIN-1 HTTP/11" 200 4742
2024-12-16 00:45:10,356 - root - INFO - Ship ORIN-1 cannot mine: Ship does not have mining equipment
2024-12-16 00:45:10,356 - root - DEBUG - Using auth token: Bearer eyJhbGci...
2024-12-16 00:45:10,356 - urllib3.connectionpool - DEBUG - Starting new HTTPS connection (1): api.spacetraders.io:443
2024-12-16 00:45:10,657 - urllib3.connectionpool - DEBUG - https://api.spacetraders.io:443 "GET /v2/my/ships/ORIN-2 HTTP/11" 200 1565
2024-12-16 00:45:10,658 - root - INFO - Ship ORIN-2 cannot mine: Ship does not have mining equipment
2024-12-16 00:45:10,659 - root - DEBUG - Using auth token: Bearer eyJhbGci...
2024-12-16 00:45:10,659 - urllib3.connectionpool - DEBUG - Starting new HTTPS connection (1): api.spacetraders.io:443
2024-12-16 00:45:10,963 - urllib3.connectionpool - DEBUG - https://api.spacetraders.io:443 "GET /v2/systems/X1-TY45/waypoints HTTP/11" 200 6912
2024-12-16 00:45:10,965 - root - DEBUG - Using auth token: Bearer eyJhbGci...
2024-12-16 00:45:10,965 - urllib3.connectionpool - DEBUG - Starting new HTTPS connection (1): api.spacetraders.io:443
2024-12-16 00:45:11,274 - urllib3.connectionpool - DEBUG - https://api.spacetraders.io:443 "GET /v2/systems/X1-TY45/waypoints HTTP/11" 200 6912
2024-12-16 00:45:11,277 - root - DEBUG - Using auth token: Bearer eyJhbGci...
2024-12-16 00:45:11,278 - urllib3.connectionpool - DEBUG - Starting new HTTPS connection (1): api.spacetraders.io:443
2024-12-16 00:45:11,574 - urllib3.connectionpool - DEBUG - https://api.spacetraders.io:443 "GET /v2/my/ships HTTP/11" 200 6340
2024-12-16 00:45:11,577 - root - DEBUG - Using auth token: Bearer eyJhbGci...
2024-12-16 00:45:11,577 - urllib3.connectionpool - DEBUG - Starting new HTTPS connection (1): api.spacetraders.io:443
2024-12-16 00:45:11,876 - urllib3.connectionpool - DEBUG - https://api.spacetraders.io:443 "GET /v2/systems/X1-TY45/waypoints HTTP/11" 200 6912
2024-12-16 00:45:11,878 - root - DEBUG - Using auth token: Bearer eyJhbGci...
2024-12-16 00:45:11,879 - urllib3.connectionpool - DEBUG - Starting new HTTPS connection (1): api.spacetraders.io:443
2024-12-16 00:45:12,180 - urllib3.connectionpool - DEBUG - https://api.spacetraders.io:443 "GET /v2/systems/X1-TY45/waypoints HTTP/11" 200 6912
2024-12-16 00:45:17,184 - root - DEBUG - Starting agent cycle
2024-12-16 00:45:17,184 - root - DEBUG - Using auth token: Bearer eyJhbGci...
2024-12-16 00:45:17,184 - urllib3.connectionpool - DEBUG - Starting new HTTPS connection (1): api.spacetraders.io:443
2024-12-16 00:45:17,677 - urllib3.connectionpool - DEBUG - https://api.spacetraders.io:443 "GET /v2/my/ships HTTP/11" 200 6340
2024-12-16 00:45:17,679 - root - DEBUG - Using auth token: Bearer eyJhbGci...
2024-12-16 00:45:17,680 - urllib3.connectionpool - DEBUG - Starting new HTTPS connection (1): api.spacetraders.io:443
2024-12-16 00:45:17,977 - urllib3.connectionpool - DEBUG - https://api.spacetraders.io:443 "GET /v2/my/ships/ORIN-1 HTTP/11" 200 4742
2024-12-16 00:45:17,981 - root - INFO - Ship ORIN-1 cannot mine: Ship does not have mining equipment
2024-12-16 00:45:17,981 - root - DEBUG - Using auth token: Bearer eyJhbGci...
2024-12-16 00:45:17,982 - urllib3.connectionpool - DEBUG - Starting new HTTPS connection (1): api.spacetraders.io:443
2024-12-16 00:45:18,315 - urllib3.connectionpool - DEBUG - https://api.spacetraders.io:443 "GET /v2/my/ships/ORIN-2 HTTP/11" 200 1565
2024-12-16 00:45:18,316 - root - INFO - Ship ORIN-2 cannot mine: Ship does not have mining equipment
2024-12-16 00:45:18,316 - root - DEBUG - Using auth token: Bearer eyJhbGci...
2024-12-16 00:45:18,317 - urllib3.connectionpool - DEBUG - Starting new HTTPS connection (1): api.spacetraders.io:443
2024-12-16 00:45:18,627 - urllib3.connectionpool - DEBUG - https://api.spacetraders.io:443 "GET /v2/systems/X1-TY45/waypoints HTTP/11" 200 6912
2024-12-16 00:45:18,630 - root - DEBUG - Using auth token: Bearer eyJhbGci...
2024-12-16 00:45:18,630 - urllib3.connectionpool - DEBUG - Starting new HTTPS connection (1): api.spacetraders.io:443
2024-12-16 00:45:18,934 - urllib3.connectionpool - DEBUG - https://api.spacetraders.io:443 "GET /v2/systems/X1-TY45/waypoints HTTP/11" 200 6912
2024-12-16 00:45:18,936 - root - DEBUG - Using auth token: Bearer eyJhbGci...
2024-12-16 00:45:18,937 - urllib3.connectionpool - DEBUG - Starting new HTTPS connection (1): api.spacetraders.io:443
2024-12-16 00:45:19,250 - urllib3.connectionpool - DEBUG - https://api.spacetraders.io:443 "GET /v2/my/ships HTTP/11" 200 6340
2024-12-16 00:45:19,254 - root - DEBUG - Using auth token: Bearer eyJhbGci...
2024-12-16 00:45:19,255 - urllib3.connectionpool - DEBUG - Starting new HTTPS connection (1): api.spacetraders.io:443
2024-12-16 00:45:19,549 - urllib3.connectionpool - DEBUG - https://api.spacetraders.io:443 "GET /v2/systems/X1-TY45/waypoints HTTP/11" 200 6912
2024-12-16 00:45:19,551 - root - DEBUG - Using auth token: Bearer eyJhbGci...
2024-12-16 00:45:19,552 - urllib3.connectionpool - DEBUG - Starting new HTTPS connection (1): api.spacetraders.io:443
2024-12-16 00:45:19,846 - urllib3.connectionpool - DEBUG - https://api.spacetraders.io:443 "GET /v2/systems/X1-TY45/waypoints HTTP/11" 200 6912
2024-12-16 00:45:24,850 - root - DEBUG - Starting agent cycle
2024-12-16 00:45:24,850 - root - DEBUG - Using auth token: Bearer eyJhbGci...
2024-12-16 00:45:24,850 - urllib3.connectionpool - DEBUG - Starting new HTTPS connection (1): api.spacetraders.io:443
2024-12-16 00:45:25,193 - urllib3.connectionpool - DEBUG - https://api.spacetraders.io:443 "GET /v2/my/ships HTTP/11" 200 6340
2024-12-16 00:45:25,194 - root - DEBUG - Using auth token: Bearer eyJhbGci...
2024-12-16 00:45:25,196 - urllib3.connectionpool - DEBUG - Starting new HTTPS connection (1): api.spacetraders.io:443
2024-12-16 00:45:25,487 - urllib3.connectionpool - DEBUG - https://api.spacetraders.io:443 "GET /v2/my/ships/ORIN-1 HTTP/11" 200 4742
2024-12-16 00:45:25,488 - root - INFO - Ship ORIN-1 cannot mine: Ship does not have mining equipment
2024-12-16 00:45:25,488 - root - DEBUG - Using auth token: Bearer eyJhbGci...
2024-12-16 00:45:25,489 - urllib3.connectionpool - DEBUG - Starting new HTTPS connection (1): api.spacetraders.io:443
2024-12-16 00:45:25,838 - urllib3.connectionpool - DEBUG - https://api.spacetraders.io:443 "GET /v2/my/ships/ORIN-2 HTTP/11" 200 1565
2024-12-16 00:45:25,838 - root - INFO - Ship ORIN-2 cannot mine: Ship does not have mining equipment
2024-12-16 00:45:25,838 - root - DEBUG - Using auth token: Bearer eyJhbGci...
2024-12-16 00:45:25,839 - urllib3.connectionpool - DEBUG - Starting new HTTPS connection (1): api.spacetraders.io:443
2024-12-16 00:45:26,150 - urllib3.connectionpool - DEBUG - https://api.spacetraders.io:443 "GET /v2/systems/X1-TY45/waypoints HTTP/11" 200 6912
2024-12-16 00:45:26,152 - root - DEBUG - Using auth token: Bearer eyJhbGci...
2024-12-16 00:45:26,153 - urllib3.connectionpool - DEBUG - Starting new HTTPS connection (1): api.spacetraders.io:443
2024-12-16 00:45:26,450 - urllib3.connectionpool - DEBUG - https://api.spacetraders.io:443 "GET /v2/systems/X1-TY45/waypoints HTTP/11" 200 6912
2024-12-16 00:45:26,451 - root - DEBUG - Using auth token: Bearer eyJhbGci...
2024-12-16 00:45:26,451 - urllib3.connectionpool - DEBUG - Starting new HTTPS connection (1): api.spacetraders.io:443
2024-12-16 00:45:26,739 - urllib3.connectionpool - DEBUG - https://api.spacetraders.io:443 "GET /v2/my/ships HTTP/11" 200 6340
2024-12-16 00:45:26,743 - root - DEBUG - Using auth token: Bearer eyJhbGci...
2024-12-16 00:45:26,744 - urllib3.connectionpool - DEBUG - Starting new HTTPS connection (1): api.spacetraders.io:443
2024-12-16 00:45:27,045 - urllib3.connectionpool - DEBUG - https://api.spacetraders.io:443 "GET /v2/systems/X1-TY45/waypoints HTTP/11" 200 6912
2024-12-16 00:45:27,047 - root - DEBUG - Using auth token: Bearer eyJhbGci...
2024-12-16 00:45:27,048 - urllib3.connectionpool - DEBUG - Starting new HTTPS connection (1): api.spacetraders.io:443
2024-12-16 00:45:27,342 - urllib3.connectionpool - DEBUG - https://api.spacetraders.io:443 "GET /v2/systems/X1-TY45/waypoints HTTP/11" 200 6912
2024-12-16 00:45:27,662 - root - DEBUG - Using auth token: Bearer eyJhbGci...
2024-12-16 00:45:27,664 - urllib3.connectionpool - DEBUG - Starting new HTTPS connection (1): api.spacetraders.io:443
2024-12-16 00:45:27,944 - urllib3.connectionpool - DEBUG - https://api.spacetraders.io:443 "GET /v2/my/contracts HTTP/11" 200 463
2024-12-16 00:45:31,969 - root - DEBUG - Using auth token: Bearer eyJhbGci...
2024-12-16 00:45:31,969 - urllib3.connectionpool - DEBUG - Starting new HTTPS connection (1): api.spacetraders.io:443
2024-12-16 00:45:32,346 - root - DEBUG - Starting agent cycle
2024-12-16 00:45:32,346 - root - DEBUG - Using auth token: Bearer eyJhbGci...
2024-12-16 00:45:32,347 - urllib3.connectionpool - DEBUG - Starting new HTTPS connection (1): api.spacetraders.io:443
2024-12-16 00:45:32,366 - urllib3.connectionpool - DEBUG - https://api.spacetraders.io:443 "GET /v2/my/ships HTTP/11" 200 6340
2024-12-16 00:45:32,371 - root - DEBUG - Using auth token: Bearer eyJhbGci...
2024-12-16 00:45:32,372 - urllib3.connectionpool - DEBUG - Starting new HTTPS connection (1): api.spacetraders.io:443
2024-12-16 00:45:32,689 - urllib3.connectionpool - DEBUG - https://api.spacetraders.io:443 "GET /v2/my/ships HTTP/11" 200 6340
2024-12-16 00:45:32,690 - root - DEBUG - Using auth token: Bearer eyJhbGci...
2024-12-16 00:45:32,691 - urllib3.connectionpool - DEBUG - Starting new HTTPS connection (1): api.spacetraders.io:443
2024-12-16 00:45:32,706 - urllib3.connectionpool - DEBUG - https://api.spacetraders.io:443 "GET /v2/my/contracts HTTP/11" 200 463
2024-12-16 00:45:32,710 - root - DEBUG - Using auth token: Bearer eyJhbGci...
2024-12-16 00:45:32,711 - urllib3.connectionpool - DEBUG - Starting new HTTPS connection (1): api.spacetraders.io:443
2024-12-16 00:45:33,047 - urllib3.connectionpool - DEBUG - https://api.spacetraders.io:443 "GET /v2/my/ships/ORIN-1 HTTP/11" 200 4742
2024-12-16 00:45:33,048 - root - INFO - Ship ORIN-1 cannot mine: Ship does not have mining equipment
2024-12-16 00:45:33,048 - root - DEBUG - Using auth token: Bearer eyJhbGci...
2024-12-16 00:45:33,048 - urllib3.connectionpool - DEBUG - Starting new HTTPS connection (1): api.spacetraders.io:443
2024-12-16 00:45:33,068 - urllib3.connectionpool - DEBUG - https://api.spacetraders.io:443 "GET /v2/my/ships HTTP/11" 200 6340
2024-12-16 00:45:33,070 - root - DEBUG - Using auth token: Bearer eyJhbGci...
2024-12-16 00:45:33,071 - urllib3.connectionpool - DEBUG - Starting new HTTPS connection (1): api.spacetraders.io:443
2024-12-16 00:45:33,397 - urllib3.connectionpool - DEBUG - https://api.spacetraders.io:443 "GET /v2/my/ships/ORIN-2 HTTP/11" 200 1565
2024-12-16 00:45:33,399 - root - INFO - Ship ORIN-2 cannot mine: Ship does not have mining equipment
2024-12-16 00:45:33,399 - root - DEBUG - Using auth token: Bearer eyJhbGci...
2024-12-16 00:45:33,400 - urllib3.connectionpool - DEBUG - Starting new HTTPS connection (1): api.spacetraders.io:443
2024-12-16 00:45:33,405 - urllib3.connectionpool - DEBUG - https://api.spacetraders.io:443 "GET /v2/systems/X1-TY45/waypoints/X1-TY45-B10/market HTTP/11" 404 85
2024-12-16 00:45:33,700 - urllib3.connectionpool - DEBUG - https://api.spacetraders.io:443 "GET /v2/systems/X1-TY45/waypoints HTTP/11" 200 6912
2024-12-16 00:45:33,702 - root - DEBUG - Using auth token: Bearer eyJhbGci...
2024-12-16 00:45:33,703 - urllib3.connectionpool - DEBUG - Starting new HTTPS connection (1): api.spacetraders.io:443
2024-12-16 00:45:33,996 - urllib3.connectionpool - DEBUG - https://api.spacetraders.io:443 "GET /v2/systems/X1-TY45/waypoints HTTP/11" 200 6912
2024-12-16 00:45:33,998 - root - DEBUG - Using auth token: Bearer eyJhbGci...
2024-12-16 00:45:33,999 - urllib3.connectionpool - DEBUG - Starting new HTTPS connection (1): api.spacetraders.io:443
2024-12-16 00:45:34,294 - urllib3.connectionpool - DEBUG - https://api.spacetraders.io:443 "GET /v2/my/ships HTTP/11" 200 6340
2024-12-16 00:45:34,297 - root - DEBUG - Using auth token: Bearer eyJhbGci...
2024-12-16 00:45:34,298 - urllib3.connectionpool - DEBUG - Starting new HTTPS connection (1): api.spacetraders.io:443
2024-12-16 00:45:34,593 - urllib3.connectionpool - DEBUG - https://api.spacetraders.io:443 "GET /v2/systems/X1-TY45/waypoints HTTP/11" 200 6912
2024-12-16 00:45:34,595 - root - DEBUG - Using auth token: Bearer eyJhbGci...
2024-12-16 00:45:34,595 - urllib3.connectionpool - DEBUG - Starting new HTTPS connection (1): api.spacetraders.io:443
2024-12-16 00:45:34,892 - urllib3.connectionpool - DEBUG - https://api.spacetraders.io:443 "GET /v2/systems/X1-TY45/waypoints HTTP/11" 200 6912
2024-12-16 00:45:39,894 - root - DEBUG - Starting agent cycle
2024-12-16 00:45:39,894 - root - DEBUG - Using auth token: Bearer eyJhbGci...
2024-12-16 00:45:39,894 - urllib3.connectionpool - DEBUG - Starting new HTTPS connection (1): api.spacetraders.io:443
2024-12-16 00:45:40,205 - urllib3.connectionpool - DEBUG - https://api.spacetraders.io:443 "GET /v2/my/ships HTTP/11" 200 6340
2024-12-16 00:45:40,206 - root - DEBUG - Using auth token: Bearer eyJhbGci...
2024-12-16 00:45:40,207 - urllib3.connectionpool - DEBUG - Starting new HTTPS connection (1): api.spacetraders.io:443
2024-12-16 00:45:40,500 - urllib3.connectionpool - DEBUG - https://api.spacetraders.io:443 "GET /v2/my/ships/ORIN-1 HTTP/11" 200 4742
2024-12-16 00:45:40,501 - root - INFO - Ship ORIN-1 cannot mine: Ship does not have mining equipment
2024-12-16 00:45:40,501 - root - DEBUG - Using auth token: Bearer eyJhbGci...
2024-12-16 00:45:40,501 - urllib3.connectionpool - DEBUG - Starting new HTTPS connection (1): api.spacetraders.io:443
2024-12-16 00:45:40,827 - urllib3.connectionpool - DEBUG - https://api.spacetraders.io:443 "GET /v2/my/ships/ORIN-2 HTTP/11" 200 1565
2024-12-16 00:45:40,828 - root - INFO - Ship ORIN-2 cannot mine: Ship does not have mining equipment
2024-12-16 00:45:40,828 - root - DEBUG - Using auth token: Bearer eyJhbGci...
2024-12-16 00:45:40,828 - urllib3.connectionpool - DEBUG - Starting new HTTPS connection (1): api.spacetraders.io:443
2024-12-16 00:45:41,172 - urllib3.connectionpool - DEBUG - https://api.spacetraders.io:443 "GET /v2/systems/X1-TY45/waypoints HTTP/11" 200 6912
2024-12-16 00:45:41,176 - root - DEBUG - Using auth token: Bearer eyJhbGci...
2024-12-16 00:45:41,176 - urllib3.connectionpool - DEBUG - Starting new HTTPS connection (1): api.spacetraders.io:443
2024-12-16 00:45:41,476 - urllib3.connectionpool - DEBUG - https://api.spacetraders.io:443 "GET /v2/systems/X1-TY45/waypoints HTTP/11" 200 6912
2024-12-16 00:45:41,480 - root - DEBUG - Using auth token: Bearer eyJhbGci...
2024-12-16 00:45:41,482 - urllib3.connectionpool - DEBUG - Starting new HTTPS connection (1): api.spacetraders.io:443
2024-12-16 00:45:41,777 - urllib3.connectionpool - DEBUG - https://api.spacetraders.io:443 "GET /v2/my/ships HTTP/11" 200 6340
2024-12-16 00:45:41,780 - root - DEBUG - Using auth token: Bearer eyJhbGci...
2024-12-16 00:45:41,780 - urllib3.connectionpool - DEBUG - Starting new HTTPS connection (1): api.spacetraders.io:443
2024-12-16 00:45:42,084 - urllib3.connectionpool - DEBUG - https://api.spacetraders.io:443 "GET /v2/systems/X1-TY45/waypoints HTTP/11" 200 6912
2024-12-16 00:45:42,088 - root - DEBUG - Using auth token: Bearer eyJhbGci...
2024-12-16 00:45:42,088 - urllib3.connectionpool - DEBUG - Starting new HTTPS connection (1): api.spacetraders.io:443
2024-12-16 00:45:42,383 - urllib3.connectionpool - DEBUG - https://api.spacetraders.io:443 "GET /v2/systems/X1-TY45/waypoints HTTP/11" 200 6912
2024-12-16 00:45:47,387 - root - DEBUG - Starting agent cycle
2024-12-16 00:45:47,387 - root - DEBUG - Using auth token: Bearer eyJhbGci...
2024-12-16 00:45:47,389 - urllib3.connectionpool - DEBUG - Starting new HTTPS connection (1): api.spacetraders.io:443
2024-12-16 00:45:47,698 - urllib3.connectionpool - DEBUG - https://api.spacetraders.io:443 "GET /v2/my/ships HTTP/11" 200 6340
2024-12-16 00:45:47,699 - root - DEBUG - Using auth token: Bearer eyJhbGci...
2024-12-16 00:45:47,700 - urllib3.connectionpool - DEBUG - Starting new HTTPS connection (1): api.spacetraders.io:443
2024-12-16 00:45:48,014 - urllib3.connectionpool - DEBUG - https://api.spacetraders.io:443 "GET /v2/my/ships/ORIN-1 HTTP/11" 200 4742
2024-12-16 00:45:48,016 - root - INFO - Ship ORIN-1 cannot mine: Ship does not have mining equipment
2024-12-16 00:45:48,016 - root - DEBUG - Using auth token: Bearer eyJhbGci...
2024-12-16 00:45:48,017 - urllib3.connectionpool - DEBUG - Starting new HTTPS connection (1): api.spacetraders.io:443
2024-12-16 00:45:48,311 - urllib3.connectionpool - DEBUG - https://api.spacetraders.io:443 "GET /v2/my/ships/ORIN-2 HTTP/11" 200 1565
2024-12-16 00:45:48,312 - root - INFO - Ship ORIN-2 cannot mine: Ship does not have mining equipment
2024-12-16 00:45:48,312 - root - DEBUG - Using auth token: Bearer eyJhbGci...
2024-12-16 00:45:48,312 - urllib3.connectionpool - DEBUG - Starting new HTTPS connection (1): api.spacetraders.io:443
2024-12-16 00:45:48,616 - urllib3.connectionpool - DEBUG - https://api.spacetraders.io:443 "GET /v2/systems/X1-TY45/waypoints HTTP/11" 200 6912
2024-12-16 00:45:48,618 - root - DEBUG - Using auth token: Bearer eyJhbGci...
2024-12-16 00:45:48,619 - urllib3.connectionpool - DEBUG - Starting new HTTPS connection (1): api.spacetraders.io:443
2024-12-16 00:45:48,921 - urllib3.connectionpool - DEBUG - https://api.spacetraders.io:443 "GET /v2/systems/X1-TY45/waypoints HTTP/11" 200 6912
2024-12-16 00:45:48,923 - root - DEBUG - Using auth token: Bearer eyJhbGci...
2024-12-16 00:45:48,924 - urllib3.connectionpool - DEBUG - Starting new HTTPS connection (1): api.spacetraders.io:443
2024-12-16 00:45:49,224 - urllib3.connectionpool - DEBUG - https://api.spacetraders.io:443 "GET /v2/my/ships HTTP/11" 200 6340
2024-12-16 00:45:49,228 - root - DEBUG - Using auth token: Bearer eyJhbGci...
2024-12-16 00:45:49,229 - urllib3.connectionpool - DEBUG - Starting new HTTPS connection (1): api.spacetraders.io:443
2024-12-16 00:45:49,535 - urllib3.connectionpool - DEBUG - https://api.spacetraders.io:443 "GET /v2/systems/X1-TY45/waypoints HTTP/11" 200 6912
2024-12-16 00:45:49,538 - root - DEBUG - Using auth token: Bearer eyJhbGci...
2024-12-16 00:45:49,538 - urllib3.connectionpool - DEBUG - Starting new HTTPS connection (1): api.spacetraders.io:443
2024-12-16 00:45:50,040 - urllib3.connectionpool - DEBUG - https://api.spacetraders.io:443 "GET /v2/systems/X1-TY45/waypoints HTTP/11" 200 6912
2024-12-16 00:45:55,045 - root - DEBUG - Starting agent cycle
2024-12-16 00:45:55,045 - root - DEBUG - Using auth token: Bearer eyJhbGci...
2024-12-16 00:45:55,047 - urllib3.connectionpool - DEBUG - Starting new HTTPS connection (1): api.spacetraders.io:443
2024-12-16 00:45:55,361 - urllib3.connectionpool - DEBUG - https://api.spacetraders.io:443 "GET /v2/my/ships HTTP/11" 200 6340
2024-12-16 00:45:55,363 - root - DEBUG - Using auth token: Bearer eyJhbGci...
2024-12-16 00:45:55,364 - urllib3.connectionpool - DEBUG - Starting new HTTPS connection (1): api.spacetraders.io:443
2024-12-16 00:45:55,663 - urllib3.connectionpool - DEBUG - https://api.spacetraders.io:443 "GET /v2/my/ships/ORIN-1 HTTP/11" 200 4742
2024-12-16 00:45:55,665 - root - INFO - Ship ORIN-1 cannot mine: Ship does not have mining equipment
2024-12-16 00:45:55,665 - root - DEBUG - Using auth token: Bearer eyJhbGci...
2024-12-16 00:45:55,666 - urllib3.connectionpool - DEBUG - Starting new HTTPS connection (1): api.spacetraders.io:443
2024-12-16 00:45:55,936 - urllib3.connectionpool - DEBUG - https://api.spacetraders.io:443 "GET /v2/my/ships/ORIN-2 HTTP/11" 429 197
2024-12-16 00:45:55,936 - root - ERROR - Error checking mining capability: 429 Client Error: Too Many Requests for url: https://api.spacetraders.io/v2/my/ships/ORIN-2
2024-12-16 00:45:55,936 - root - INFO - Ship ORIN-2 cannot mine: Error checking mining capability: 429 Client Error: Too Many Requests for url: https://api.spacetraders.io/v2/my/ships/ORIN-2
2024-12-16 00:45:55,937 - root - DEBUG - Using auth token: Bearer eyJhbGci...
2024-12-16 00:45:55,937 - urllib3.connectionpool - DEBUG - Starting new HTTPS connection (1): api.spacetraders.io:443
2024-12-16 00:45:56,217 - urllib3.connectionpool - DEBUG - https://api.spacetraders.io:443 "GET /v2/systems/X1-TY45/waypoints HTTP/11" 429 199
2024-12-16 00:45:57,218 - root - DEBUG - Using auth token: Bearer eyJhbGci...
2024-12-16 00:45:57,218 - urllib3.connectionpool - DEBUG - Starting new HTTPS connection (1): api.spacetraders.io:443
2024-12-16 00:45:57,512 - urllib3.connectionpool - DEBUG - https://api.spacetraders.io:443 "GET /v2/systems/X1-TY45/waypoints HTTP/11" 200 6912
2024-12-16 00:45:57,514 - root - DEBUG - Using auth token: Bearer eyJhbGci...
2024-12-16 00:45:57,516 - urllib3.connectionpool - DEBUG - Starting new HTTPS connection (1): api.spacetraders.io:443
2024-12-16 00:45:57,822 - urllib3.connectionpool - DEBUG - https://api.spacetraders.io:443 "GET /v2/systems/X1-TY45/waypoints HTTP/11" 200 6912
2024-12-16 00:45:57,824 - root - DEBUG - Using auth token: Bearer eyJhbGci...
2024-12-16 00:45:57,825 - urllib3.connectionpool - DEBUG - Starting new HTTPS connection (1): api.spacetraders.io:443
2024-12-16 00:45:58,101 - urllib3.connectionpool - DEBUG - https://api.spacetraders.io:443 "GET /v2/my/ships HTTP/11" 429 199
2024-12-16 00:45:59,102 - root - DEBUG - Using auth token: Bearer eyJhbGci...
2024-12-16 00:45:59,103 - urllib3.connectionpool - DEBUG - Starting new HTTPS connection (1): api.spacetraders.io:443
2024-12-16 00:45:59,397 - urllib3.connectionpool - DEBUG - https://api.spacetraders.io:443 "GET /v2/my/ships HTTP/11" 200 6340
2024-12-16 00:45:59,399 - root - DEBUG - Using auth token: Bearer eyJhbGci...
2024-12-16 00:45:59,399 - urllib3.connectionpool - DEBUG - Starting new HTTPS connection (1): api.spacetraders.io:443
2024-12-16 00:45:59,732 - urllib3.connectionpool - DEBUG - https://api.spacetraders.io:443 "GET /v2/systems/X1-TY45/waypoints HTTP/11" 200 6912
2024-12-16 00:45:59,734 - root - DEBUG - Using auth token: Bearer eyJhbGci...
2024-12-16 00:45:59,734 - urllib3.connectionpool - DEBUG - Starting new HTTPS connection (1): api.spacetraders.io:443
2024-12-16 00:45:59,993 - urllib3.connectionpool - DEBUG - https://api.spacetraders.io:443 "GET /v2/systems/X1-TY45/waypoints HTTP/11" 429 199
2024-12-16 00:46:00,995 - root - DEBUG - Using auth token: Bearer eyJhbGci...
2024-12-16 00:46:00,997 - urllib3.connectionpool - DEBUG - Starting new HTTPS connection (1): api.spacetraders.io:443
2024-12-16 00:46:01,300 - urllib3.connectionpool - DEBUG - https://api.spacetraders.io:443 "GET /v2/systems/X1-TY45/waypoints HTTP/11" 200 6912
2024-12-16 00:46:01,973 - root - DEBUG - Using auth token: Bearer eyJhbGci...
2024-12-16 00:46:01,974 - urllib3.connectionpool - DEBUG - Starting new HTTPS connection (1): api.spacetraders.io:443
2024-12-16 00:46:02,397 - urllib3.connectionpool - DEBUG - https://api.spacetraders.io:443 "GET /v2/my/ships HTTP/11" 200 6340
2024-12-16 00:46:02,405 - root - DEBUG - Using auth token: Bearer eyJhbGci...
2024-12-16 00:46:02,407 - urllib3.connectionpool - DEBUG - Starting new HTTPS connection (1): api.spacetraders.io:443
2024-12-16 00:46:02,680 - urllib3.connectionpool - DEBUG - https://api.spacetraders.io:443 "GET /v2/my/contracts HTTP/11" 200 463
2024-12-16 00:46:02,683 - root - DEBUG - Using auth token: Bearer eyJhbGci...
2024-12-16 00:46:02,683 - urllib3.connectionpool - DEBUG - Starting new HTTPS connection (1): api.spacetraders.io:443
2024-12-16 00:46:03,022 - urllib3.connectionpool - DEBUG - https://api.spacetraders.io:443 "GET /v2/my/ships HTTP/11" 429 199
2024-12-16 00:46:06,302 - root - DEBUG - Starting agent cycle
2024-12-16 00:46:06,302 - root - DEBUG - Using auth token: Bearer eyJhbGci...
2024-12-16 00:46:06,304 - urllib3.connectionpool - DEBUG - Starting new HTTPS connection (1): api.spacetraders.io:443
2024-12-16 00:46:06,660 - urllib3.connectionpool - DEBUG - https://api.spacetraders.io:443 "GET /v2/my/ships HTTP/11" 200 6340
2024-12-16 00:46:06,662 - root - DEBUG - Using auth token: Bearer eyJhbGci...
2024-12-16 00:46:06,664 - urllib3.connectionpool - DEBUG - Starting new HTTPS connection (1): api.spacetraders.io:443
2024-12-16 00:46:06,961 - urllib3.connectionpool - DEBUG - https://api.spacetraders.io:443 "GET /v2/my/ships/ORIN-1 HTTP/11" 200 4742
2024-12-16 00:46:06,963 - root - INFO - Ship ORIN-1 cannot mine: Ship does not have mining equipment
2024-12-16 00:46:06,963 - root - DEBUG - Using auth token: Bearer eyJhbGci...
2024-12-16 00:46:06,965 - urllib3.connectionpool - DEBUG - Starting new HTTPS connection (1): api.spacetraders.io:443
2024-12-16 00:46:07,275 - urllib3.connectionpool - DEBUG - https://api.spacetraders.io:443 "GET /v2/my/ships/ORIN-2 HTTP/11" 200 1565
2024-12-16 00:46:07,276 - root - INFO - Ship ORIN-2 cannot mine: Ship does not have mining equipment
2024-12-16 00:46:07,276 - root - DEBUG - Using auth token: Bearer eyJhbGci...
2024-12-16 00:46:07,276 - urllib3.connectionpool - DEBUG - Starting new HTTPS connection (1): api.spacetraders.io:443
2024-12-16 00:46:07,583 - urllib3.connectionpool - DEBUG - https://api.spacetraders.io:443 "GET /v2/systems/X1-TY45/waypoints HTTP/11" 200 6912
2024-12-16 00:46:07,584 - root - DEBUG - Using auth token: Bearer eyJhbGci...
2024-12-16 00:46:07,584 - urllib3.connectionpool - DEBUG - Starting new HTTPS connection (1): api.spacetraders.io:443
2024-12-16 00:46:07,892 - urllib3.connectionpool - DEBUG - https://api.spacetraders.io:443 "GET /v2/systems/X1-TY45/waypoints HTTP/11" 200 6912
2024-12-16 00:46:07,895 - root - DEBUG - Using auth token: Bearer eyJhbGci...
2024-12-16 00:46:07,896 - urllib3.connectionpool - DEBUG - Starting new HTTPS connection (1): api.spacetraders.io:443
2024-12-16 00:46:08,200 - urllib3.connectionpool - DEBUG - https://api.spacetraders.io:443 "GET /v2/my/ships HTTP/11" 200 6340
2024-12-16 00:46:08,201 - root - DEBUG - Using auth token: Bearer eyJhbGci...
2024-12-16 00:46:08,202 - urllib3.connectionpool - DEBUG - Starting new HTTPS connection (1): api.spacetraders.io:443
2024-12-16 00:46:08,519 - urllib3.connectionpool - DEBUG - https://api.spacetraders.io:443 "GET /v2/systems/X1-TY45/waypoints HTTP/11" 200 6912
2024-12-16 00:46:08,524 - root - DEBUG - Using auth token: Bearer eyJhbGci...
2024-12-16 00:46:08,525 - urllib3.connectionpool - DEBUG - Starting new HTTPS connection (1): api.spacetraders.io:443
2024-12-16 00:46:08,857 - urllib3.connectionpool - DEBUG - https://api.spacetraders.io:443 "GET /v2/systems/X1-TY45/waypoints HTTP/11" 200 6912
2024-12-16 00:46:13,860 - root - DEBUG - Starting agent cycle
2024-12-16 00:46:13,860 - root - DEBUG - Using auth token: Bearer eyJhbGci...
2024-12-16 00:46:13,861 - urllib3.connectionpool - DEBUG - Starting new HTTPS connection (1): api.spacetraders.io:443
2024-12-16 00:46:14,307 - urllib3.connectionpool - DEBUG - https://api.spacetraders.io:443 "GET /v2/my/ships HTTP/11" 200 6340
2024-12-16 00:46:14,308 - root - DEBUG - Using auth token: Bearer eyJhbGci...
2024-12-16 00:46:14,309 - urllib3.connectionpool - DEBUG - Starting new HTTPS connection (1): api.spacetraders.io:443
2024-12-16 00:46:14,674 - urllib3.connectionpool - DEBUG - https://api.spacetraders.io:443 "GET /v2/my/ships/ORIN-1 HTTP/11" 200 4742
2024-12-16 00:46:14,676 - root - INFO - Ship ORIN-1 cannot mine: Ship does not have mining equipment
2024-12-16 00:46:14,677 - root - DEBUG - Using auth token: Bearer eyJhbGci...
2024-12-16 00:46:14,678 - urllib3.connectionpool - DEBUG - Starting new HTTPS connection (1): api.spacetraders.io:443
2024-12-16 00:46:15,117 - urllib3.connectionpool - DEBUG - https://api.spacetraders.io:443 "GET /v2/my/ships/ORIN-2 HTTP/11" 200 1565
2024-12-16 00:46:15,118 - root - INFO - Ship ORIN-2 cannot mine: Ship does not have mining equipment
2024-12-16 00:46:15,118 - root - DEBUG - Using auth token: Bearer eyJhbGci...
2024-12-16 00:46:15,119 - urllib3.connectionpool - DEBUG - Starting new HTTPS connection (1): api.spacetraders.io:443
2024-12-16 00:46:15,555 - urllib3.connectionpool - DEBUG - https://api.spacetraders.io:443 "GET /v2/systems/X1-TY45/waypoints HTTP/11" 200 6912
2024-12-16 00:46:15,555 - root - DEBUG - Using auth token: Bearer eyJhbGci...
2024-12-16 00:46:15,557 - urllib3.connectionpool - DEBUG - Starting new HTTPS connection (1): api.spacetraders.io:443
2024-12-16 00:46:15,933 - urllib3.connectionpool - DEBUG - https://api.spacetraders.io:443 "GET /v2/systems/X1-TY45/waypoints HTTP/11" 200 6912
2024-12-16 00:46:15,934 - root - DEBUG - Using auth token: Bearer eyJhbGci...
2024-12-16 00:46:15,934 - urllib3.connectionpool - DEBUG - Starting new HTTPS connection (1): api.spacetraders.io:443
2024-12-16 00:46:16,348 - urllib3.connectionpool - DEBUG - https://api.spacetraders.io:443 "GET /v2/my/ships HTTP/11" 200 6340
2024-12-16 00:46:16,349 - root - DEBUG - Using auth token: Bearer eyJhbGci...
2024-12-16 00:46:16,349 - urllib3.connectionpool - DEBUG - Starting new HTTPS connection (1): api.spacetraders.io:443
2024-12-16 00:46:16,760 - urllib3.connectionpool - DEBUG - https://api.spacetraders.io:443 "GET /v2/systems/X1-TY45/waypoints HTTP/11" 200 6912
2024-12-16 00:46:16,762 - root - DEBUG - Using auth token: Bearer eyJhbGci...
2024-12-16 00:46:16,762 - urllib3.connectionpool - DEBUG - Starting new HTTPS connection (1): api.spacetraders.io:443
2024-12-16 00:46:17,168 - urllib3.connectionpool - DEBUG - https://api.spacetraders.io:443 "GET /v2/systems/X1-TY45/waypoints HTTP/11" 200 6912
2024-12-16 00:46:22,171 - root - DEBUG - Starting agent cycle
2024-12-16 00:46:22,171 - root - DEBUG - Using auth token: Bearer eyJhbGci...
2024-12-16 00:46:22,174 - urllib3.connectionpool - DEBUG - Starting new HTTPS connection (1): api.spacetraders.io:443
2024-12-16 00:46:22,625 - urllib3.connectionpool - DEBUG - https://api.spacetraders.io:443 "GET /v2/my/ships HTTP/11" 200 6340
2024-12-16 00:46:22,626 - root - DEBUG - Using auth token: Bearer eyJhbGci...
2024-12-16 00:46:22,626 - urllib3.connectionpool - DEBUG - Starting new HTTPS connection (1): api.spacetraders.io:443
2024-12-16 00:46:23,027 - urllib3.connectionpool - DEBUG - https://api.spacetraders.io:443 "GET /v2/my/ships/ORIN-1 HTTP/11" 200 4742
2024-12-16 00:46:23,028 - root - INFO - Ship ORIN-1 cannot mine: Ship does not have mining equipment
2024-12-16 00:46:23,028 - root - DEBUG - Using auth token: Bearer eyJhbGci...
2024-12-16 00:46:23,028 - urllib3.connectionpool - DEBUG - Starting new HTTPS connection (1): api.spacetraders.io:443
2024-12-16 00:46:23,428 - urllib3.connectionpool - DEBUG - https://api.spacetraders.io:443 "GET /v2/my/ships/ORIN-2 HTTP/11" 200 1565
2024-12-16 00:46:23,430 - root - INFO - Ship ORIN-2 cannot mine: Ship does not have mining equipment
2024-12-16 00:46:23,430 - root - DEBUG - Using auth token: Bearer eyJhbGci...
2024-12-16 00:46:23,431 - urllib3.connectionpool - DEBUG - Starting new HTTPS connection (1): api.spacetraders.io:443
2024-12-16 00:46:23,847 - urllib3.connectionpool - DEBUG - https://api.spacetraders.io:443 "GET /v2/systems/X1-TY45/waypoints HTTP/11" 200 6912
2024-12-16 00:46:23,848 - root - DEBUG - Using auth token: Bearer eyJhbGci...
2024-12-16 00:46:23,848 - urllib3.connectionpool - DEBUG - Starting new HTTPS connection (1): api.spacetraders.io:443
2024-12-16 00:46:24,265 - urllib3.connectionpool - DEBUG - https://api.spacetraders.io:443 "GET /v2/systems/X1-TY45/waypoints HTTP/11" 200 6912
2024-12-16 00:46:24,269 - root - DEBUG - Using auth token: Bearer eyJhbGci...
2024-12-16 00:46:24,271 - urllib3.connectionpool - DEBUG - Starting new HTTPS connection (1): api.spacetraders.io:443
2024-12-16 00:46:24,686 - urllib3.connectionpool - DEBUG - https://api.spacetraders.io:443 "GET /v2/my/ships HTTP/11" 200 6340
2024-12-16 00:46:24,686 - root - DEBUG - Using auth token: Bearer eyJhbGci...
2024-12-16 00:46:24,688 - urllib3.connectionpool - DEBUG - Starting new HTTPS connection (1): api.spacetraders.io:443
2024-12-16 00:46:25,085 - urllib3.connectionpool - DEBUG - https://api.spacetraders.io:443 "GET /v2/systems/X1-TY45/waypoints HTTP/11" 200 6912
2024-12-16 00:46:25,089 - root - DEBUG - Using auth token: Bearer eyJhbGci...
2024-12-16 00:46:25,091 - urllib3.connectionpool - DEBUG - Starting new HTTPS connection (1): api.spacetraders.io:443
2024-12-16 00:46:25,504 - urllib3.connectionpool - DEBUG - https://api.spacetraders.io:443 "GET /v2/systems/X1-TY45/waypoints HTTP/11" 200 6912
2024-12-16 00:46:30,509 - root - DEBUG - Starting agent cycle
2024-12-16 00:46:30,509 - root - DEBUG - Using auth token: Bearer eyJhbGci...
2024-12-16 00:46:30,512 - urllib3.connectionpool - DEBUG - Starting new HTTPS connection (1): api.spacetraders.io:443
2024-12-16 00:46:31,031 - urllib3.connectionpool - DEBUG - https://api.spacetraders.io:443 "GET /v2/my/ships HTTP/11" 200 6340
2024-12-16 00:46:31,033 - root - DEBUG - Using auth token: Bearer eyJhbGci...
2024-12-16 00:46:31,033 - urllib3.connectionpool - DEBUG - Starting new HTTPS connection (1): api.spacetraders.io:443
2024-12-16 00:46:31,447 - urllib3.connectionpool - DEBUG - https://api.spacetraders.io:443 "GET /v2/my/ships/ORIN-1 HTTP/11" 200 4742
2024-12-16 00:46:31,451 - root - INFO - Ship ORIN-1 cannot mine: Ship does not have mining equipment
2024-12-16 00:46:31,451 - root - DEBUG - Using auth token: Bearer eyJhbGci...
2024-12-16 00:46:31,453 - urllib3.connectionpool - DEBUG - Starting new HTTPS connection (1): api.spacetraders.io:443
2024-12-16 00:46:31,808 - urllib3.connectionpool - DEBUG - https://api.spacetraders.io:443 "GET /v2/my/ships/ORIN-2 HTTP/11" 200 1565
2024-12-16 00:46:31,810 - root - INFO - Ship ORIN-2 cannot mine: Ship does not have mining equipment
2024-12-16 00:46:31,810 - root - DEBUG - Using auth token: Bearer eyJhbGci...
2024-12-16 00:46:31,811 - urllib3.connectionpool - DEBUG - Starting new HTTPS connection (1): api.spacetraders.io:443
2024-12-16 00:46:31,964 - root - DEBUG - Using auth token: Bearer eyJhbGci...
2024-12-16 00:46:31,965 - urllib3.connectionpool - DEBUG - Starting new HTTPS connection (1): api.spacetraders.io:443
2024-12-16 00:46:32,383 - urllib3.connectionpool - DEBUG - https://api.spacetraders.io:443 "GET /v2/systems/X1-TY45/waypoints HTTP/11" 200 6912
2024-12-16 00:46:32,383 - root - DEBUG - Using auth token: Bearer eyJhbGci...
2024-12-16 00:46:32,384 - urllib3.connectionpool - DEBUG - Starting new HTTPS connection (1): api.spacetraders.io:443
2024-12-16 00:46:32,438 - urllib3.connectionpool - DEBUG - https://api.spacetraders.io:443 "GET /v2/my/ships HTTP/11" 200 6340
2024-12-16 00:46:32,445 - root - DEBUG - Using auth token: Bearer eyJhbGci...
2024-12-16 00:46:32,446 - urllib3.connectionpool - DEBUG - Starting new HTTPS connection (1): api.spacetraders.io:443
2024-12-16 00:46:32,867 - urllib3.connectionpool - DEBUG - https://api.spacetraders.io:443 "GET /v2/systems/X1-TY45/waypoints HTTP/11" 200 6912
2024-12-16 00:46:32,868 - root - DEBUG - Using auth token: Bearer eyJhbGci...
2024-12-16 00:46:32,869 - urllib3.connectionpool - DEBUG - Starting new HTTPS connection (1): api.spacetraders.io:443
2024-12-16 00:46:32,896 - urllib3.connectionpool - DEBUG - https://api.spacetraders.io:443 "GET /v2/my/contracts HTTP/11" 200 463
2024-12-16 00:46:32,900 - root - DEBUG - Using auth token: Bearer eyJhbGci...
2024-12-16 00:46:32,901 - urllib3.connectionpool - DEBUG - Starting new HTTPS connection (1): api.spacetraders.io:443
2024-12-16 00:46:33,344 - urllib3.connectionpool - DEBUG - https://api.spacetraders.io:443 "GET /v2/my/ships HTTP/11" 200 6340
2024-12-16 00:46:33,347 - root - DEBUG - Using auth token: Bearer eyJhbGci...
2024-12-16 00:46:33,348 - urllib3.connectionpool - DEBUG - Starting new HTTPS connection (1): api.spacetraders.io:443
2024-12-16 00:46:33,376 - urllib3.connectionpool - DEBUG - https://api.spacetraders.io:443 "GET /v2/my/ships HTTP/11" 200 6340
2024-12-16 00:46:33,379 - root - DEBUG - Using auth token: Bearer eyJhbGci...
2024-12-16 00:46:33,380 - urllib3.connectionpool - DEBUG - Starting new HTTPS connection (1): api.spacetraders.io:443
2024-12-16 00:46:33,837 - urllib3.connectionpool - DEBUG - https://api.spacetraders.io:443 "GET /v2/systems/X1-TY45/waypoints HTTP/11" 200 6912
2024-12-16 00:46:33,839 - root - DEBUG - Using auth token: Bearer eyJhbGci...
2024-12-16 00:46:33,839 - urllib3.connectionpool - DEBUG - Starting new HTTPS connection (1): api.spacetraders.io:443
2024-12-16 00:46:33,854 - urllib3.connectionpool - DEBUG - https://api.spacetraders.io:443 "GET /v2/systems/X1-TY45/waypoints/X1-TY45-B10/market HTTP/11" 404 85
2024-12-16 00:46:34,243 - urllib3.connectionpool - DEBUG - https://api.spacetraders.io:443 "GET /v2/systems/X1-TY45/waypoints HTTP/11" 200 6912
2024-12-16 00:46:39,246 - root - DEBUG - Starting agent cycle
2024-12-16 00:46:39,246 - root - DEBUG - Using auth token: Bearer eyJhbGci...
2024-12-16 00:46:39,247 - urllib3.connectionpool - DEBUG - Starting new HTTPS connection (1): api.spacetraders.io:443
2024-12-16 00:46:39,769 - urllib3.connectionpool - DEBUG - https://api.spacetraders.io:443 "GET /v2/my/ships HTTP/11" 200 6340
2024-12-16 00:46:39,771 - root - DEBUG - Using auth token: Bearer eyJhbGci...
2024-12-16 00:46:39,772 - urllib3.connectionpool - DEBUG - Starting new HTTPS connection (1): api.spacetraders.io:443
2024-12-16 00:46:40,072 - urllib3.connectionpool - DEBUG - https://api.spacetraders.io:443 "GET /v2/my/ships/ORIN-1 HTTP/11" 200 4742
2024-12-16 00:46:40,076 - root - INFO - Ship ORIN-1 cannot mine: Ship does not have mining equipment
2024-12-16 00:46:40,076 - root - DEBUG - Using auth token: Bearer eyJhbGci...
2024-12-16 00:46:40,077 - urllib3.connectionpool - DEBUG - Starting new HTTPS connection (1): api.spacetraders.io:443
2024-12-16 00:46:40,376 - urllib3.connectionpool - DEBUG - https://api.spacetraders.io:443 "GET /v2/my/ships/ORIN-2 HTTP/11" 200 1565
2024-12-16 00:46:40,377 - root - INFO - Ship ORIN-2 cannot mine: Ship does not have mining equipment
2024-12-16 00:46:40,377 - root - DEBUG - Using auth token: Bearer eyJhbGci...
2024-12-16 00:46:40,377 - urllib3.connectionpool - DEBUG - Starting new HTTPS connection (1): api.spacetraders.io:443
2024-12-16 00:46:40,676 - urllib3.connectionpool - DEBUG - https://api.spacetraders.io:443 "GET /v2/systems/X1-TY45/waypoints HTTP/11" 200 6912
2024-12-16 00:46:40,678 - root - DEBUG - Using auth token: Bearer eyJhbGci...
2024-12-16 00:46:40,679 - urllib3.connectionpool - DEBUG - Starting new HTTPS connection (1): api.spacetraders.io:443
2024-12-16 00:46:41,005 - urllib3.connectionpool - DEBUG - https://api.spacetraders.io:443 "GET /v2/systems/X1-TY45/waypoints HTTP/11" 200 6912
2024-12-16 00:46:41,006 - root - DEBUG - Using auth token: Bearer eyJhbGci...
2024-12-16 00:46:41,006 - urllib3.connectionpool - DEBUG - Starting new HTTPS connection (1): api.spacetraders.io:443
2024-12-16 00:46:41,294 - urllib3.connectionpool - DEBUG - https://api.spacetraders.io:443 "GET /v2/my/ships HTTP/11" 200 6340
2024-12-16 00:46:41,295 - root - DEBUG - Using auth token: Bearer eyJhbGci...
2024-12-16 00:46:41,296 - urllib3.connectionpool - DEBUG - Starting new HTTPS connection (1): api.spacetraders.io:443
2024-12-16 00:46:41,625 - urllib3.connectionpool - DEBUG - https://api.spacetraders.io:443 "GET /v2/systems/X1-TY45/waypoints HTTP/11" 200 6912
2024-12-16 00:46:41,628 - root - DEBUG - Using auth token: Bearer eyJhbGci...
2024-12-16 00:46:41,629 - urllib3.connectionpool - DEBUG - Starting new HTTPS connection (1): api.spacetraders.io:443
2024-12-16 00:46:41,946 - urllib3.connectionpool - DEBUG - https://api.spacetraders.io:443 "GET /v2/systems/X1-TY45/waypoints HTTP/11" 200 6912
2024-12-16 00:47:11,737 - __main__ - INFO - Starting SpaceTraders Zero
2024-12-16 00:47:11,738 - __main__ - INFO - Environment variables loaded
2024-12-16 00:47:11,738 - __main__ - INFO - Initializing WX App
2024-12-16 00:47:11,747 - root - INFO - MainWindow: Base window initialized
2024-12-16 00:47:11,747 - root - INFO - MainWindow: API client created
2024-12-16 00:47:11,751 - root - INFO - Automated trader initialized
2024-12-16 00:47:11,751 - root - INFO - MainWindow: Trader agent initialized
2024-12-16 00:47:11,751 - root - INFO - MainWindow: Timer initialized
2024-12-16 00:47:11,812 - root - INFO - MainWindow: UI initialized
2024-12-16 00:47:11,823 - root - INFO - MainWindow: Tray initialized
2024-12-16 00:47:11,843 - __main__ - INFO - Main window created and shown
2024-12-18 01:34:59,641 - main - INFO - Starting SpaceTraders Zero
2024-12-18 01:34:59,641 - main - INFO - Environment variables loaded
2024-12-18 01:34:59,641 - main - INFO - Initializing WX App
2024-12-18 01:34:59,647 - root - INFO - MainWindow: Base window initialized
2024-12-18 01:34:59,647 - root - INFO - MainWindow: API client created
2024-12-18 01:34:59,648 - root - INFO - Automated trader initialized
2024-12-18 01:34:59,648 - root - INFO - MainWindow: Trader agent initialized
2024-12-18 01:34:59,648 - root - INFO - MainWindow: Timer initialized
2024-12-18 01:34:59,680 - root - INFO - MainWindow: UI initialized
2024-12-18 01:34:59,690 - root - INFO - MainWindow: Tray initialized
2024-12-18 01:34:59,716 - main - INFO - Main window created and shown
2024-12-18 01:35:03,169 - root - INFO - Agent thread started
2024-12-18 01:35:03,169 - root - DEBUG - Starting agent cycle
2024-12-18 01:35:03,169 - root - DEBUG - API call attempt 1/3 to /my/contracts
2024-12-18 01:35:03,169 - root - DEBUG - Making GET request to https://api.spacetraders.io/v2/my/contracts
2024-12-18 01:35:03,169 - root - DEBUG - Using auth token: Bearer eyJhbGci...
2024-12-18 01:35:03,171 - urllib3.connectionpool - DEBUG - Starting new HTTPS connection (1): api.spacetraders.io:443
2024-12-18 01:35:03,540 - urllib3.connectionpool - DEBUG - https://api.spacetraders.io:443 "GET /v2/my/contracts HTTP/11" 200 459
2024-12-18 01:35:03,540 - root - DEBUG - API call to /my/contracts successful
2024-12-18 01:35:03,540 - root - DEBUG - API call attempt 1/3 to /my/ships
2024-12-18 01:35:03,540 - root - DEBUG - Making GET request to https://api.spacetraders.io/v2/my/ships
2024-12-18 01:35:03,540 - root - DEBUG - Using auth token: Bearer eyJhbGci...
2024-12-18 01:35:03,542 - urllib3.connectionpool - DEBUG - Starting new HTTPS connection (1): api.spacetraders.io:443
2024-12-18 01:35:03,845 - urllib3.connectionpool - DEBUG - https://api.spacetraders.io:443 "GET /v2/my/ships HTTP/11" 200 5614
2024-12-18 01:35:03,847 - root - DEBUG - API call to /my/ships successful
2024-12-18 01:35:03,847 - root - INFO - Current ships: ['CDM2766-1', 'CDM2766-2']
2024-12-18 01:35:03,847 - root - INFO - No mining ship found, attempting to purchase one
2024-12-18 01:35:03,847 - root - ERROR - Failed to purchase mining ship: 'SpaceTradersClient' object has no attribute 'get_my_agent'
2024-12-18 01:35:03,847 - root - ERROR - Mining ship error: 'SpaceTradersClient' object has no attribute 'get_my_agent'
2024-12-18 01:35:08,850 - root - DEBUG - Starting agent cycle
2024-12-18 01:35:08,850 - root - DEBUG - API call attempt 1/3 to /my/contracts
2024-12-18 01:35:08,850 - root - DEBUG - Making GET request to https://api.spacetraders.io/v2/my/contracts
2024-12-18 01:35:08,850 - root - DEBUG - Using auth token: Bearer eyJhbGci...
2024-12-18 01:35:08,850 - urllib3.connectionpool - DEBUG - Starting new HTTPS connection (1): api.spacetraders.io:443
2024-12-18 01:35:09,510 - urllib3.connectionpool - DEBUG - https://api.spacetraders.io:443 "GET /v2/my/contracts HTTP/11" 200 459
2024-12-18 01:35:09,511 - root - DEBUG - API call to /my/contracts successful
2024-12-18 01:35:09,511 - root - DEBUG - API call attempt 1/3 to /my/ships
2024-12-18 01:35:09,511 - root - DEBUG - Making GET request to https://api.spacetraders.io/v2/my/ships
2024-12-18 01:35:09,511 - root - DEBUG - Using auth token: Bearer eyJhbGci...
2024-12-18 01:35:09,511 - urllib3.connectionpool - DEBUG - Starting new HTTPS connection (1): api.spacetraders.io:443
2024-12-18 01:35:09,813 - urllib3.connectionpool - DEBUG - https://api.spacetraders.io:443 "GET /v2/my/ships HTTP/11" 200 5614
2024-12-18 01:35:09,813 - root - DEBUG - API call to /my/ships successful
2024-12-18 01:35:09,813 - root - INFO - Current ships: ['CDM2766-1', 'CDM2766-2']
2024-12-18 01:35:09,813 - root - INFO - No mining ship found, attempting to purchase one
2024-12-18 01:35:09,814 - root - ERROR - Failed to purchase mining ship: 'SpaceTradersClient' object has no attribute 'get_my_agent'
2024-12-18 01:35:09,814 - root - ERROR - Mining ship error: 'SpaceTradersClient' object has no attribute 'get_my_agent'
2024-12-18 01:35:14,818 - root - WARNING - Agent thread did not stop cleanly
2024-12-18 01:35:14,818 - root - INFO - Agent stopped
2024-12-18 01:36:27,493 - main - INFO - Starting SpaceTraders Zero
2024-12-18 01:36:27,494 - main - INFO - Environment variables loaded
2024-12-18 01:36:27,494 - main - INFO - Initializing WX App
2024-12-18 01:36:27,499 - root - INFO - MainWindow: Base window initialized
2024-12-18 01:36:27,499 - root - INFO - MainWindow: API client created
2024-12-18 01:36:27,500 - root - INFO - Automated trader initialized
2024-12-18 01:36:27,500 - root - INFO - MainWindow: Trader agent initialized
2024-12-18 01:36:27,500 - root - INFO - MainWindow: Timer initialized
2024-12-18 01:36:27,531 - root - INFO - MainWindow: UI initialized
2024-12-18 01:36:27,544 - root - INFO - MainWindow: Tray initialized
2024-12-18 01:36:27,569 - main - INFO - Main window created and shown
2024-12-18 01:36:31,385 - root - INFO - Agent thread started
2024-12-18 01:36:31,385 - root - DEBUG - Starting agent cycle
2024-12-18 01:36:31,385 - root - DEBUG - API call attempt 1/3 to /my/contracts
2024-12-18 01:36:31,385 - root - DEBUG - Making GET request to https://api.spacetraders.io/v2/my/contracts
2024-12-18 01:36:31,385 - root - DEBUG - Using auth token: Bearer eyJhbGci...
2024-12-18 01:36:31,387 - urllib3.connectionpool - DEBUG - Starting new HTTPS connection (1): api.spacetraders.io:443
2024-12-18 01:36:31,722 - urllib3.connectionpool - DEBUG - https://api.spacetraders.io:443 "GET /v2/my/contracts HTTP/11" 200 459
2024-12-18 01:36:31,722 - root - DEBUG - API call to /my/contracts successful
2024-12-18 01:36:31,722 - root - DEBUG - API call attempt 1/3 to /my/ships
2024-12-18 01:36:31,722 - root - DEBUG - Making GET request to https://api.spacetraders.io/v2/my/ships
2024-12-18 01:36:31,722 - root - DEBUG - Using auth token: Bearer eyJhbGci...
2024-12-18 01:36:31,724 - urllib3.connectionpool - DEBUG - Starting new HTTPS connection (1): api.spacetraders.io:443
2024-12-18 01:36:32,027 - urllib3.connectionpool - DEBUG - https://api.spacetraders.io:443 "GET /v2/my/ships HTTP/11" 200 5614
2024-12-18 01:36:32,029 - root - DEBUG - API call to /my/ships successful
2024-12-18 01:36:32,029 - root - INFO - Current ships: ['CDM2766-1', 'CDM2766-2']
2024-12-18 01:36:32,029 - root - INFO - No mining ship found, attempting to purchase one
2024-12-18 01:36:32,029 - root - DEBUG - API call attempt 1/3 to /my/agent
2024-12-18 01:36:32,029 - root - DEBUG - Making GET request to https://api.spacetraders.io/v2/my/agent
2024-12-18 01:36:32,029 - root - DEBUG - Using auth token: Bearer eyJhbGci...
2024-12-18 01:36:32,029 - urllib3.connectionpool - DEBUG - Starting new HTTPS connection (1): api.spacetraders.io:443
2024-12-18 01:36:32,297 - urllib3.connectionpool - DEBUG - https://api.spacetraders.io:443 "GET /v2/my/agent HTTP/11" 200 155
2024-12-18 01:36:32,298 - root - DEBUG - API call to /my/agent successful
2024-12-18 01:36:32,298 - root - DEBUG - API call attempt 1/3 to /systems/X1/waypoints
2024-12-18 01:36:32,298 - root - DEBUG - Making GET request to https://api.spacetraders.io/v2/systems/X1/waypoints
2024-12-18 01:36:32,298 - root - DEBUG - Using auth token: Bearer eyJhbGci...
2024-12-18 01:36:32,298 - urllib3.connectionpool - DEBUG - Starting new HTTPS connection (1): api.spacetraders.io:443
2024-12-18 01:36:32,568 - urllib3.connectionpool - DEBUG - https://api.spacetraders.io:443 "GET /v2/systems/X1/waypoints HTTP/11" 404 85
2024-12-18 01:36:32,568 - root - WARNING - HTTP error on /systems/X1/waypoints, retrying in 1.2s: 404 Client Error: Not Found for url: https://api.spacetraders.io/v2/systems/X1/waypoints
2024-12-18 01:36:33,820 - root - DEBUG - API call attempt 2/3 to /systems/X1/waypoints
2024-12-18 01:36:33,820 - root - DEBUG - Making GET request to https://api.spacetraders.io/v2/systems/X1/waypoints
2024-12-18 01:36:33,820 - root - DEBUG - Using auth token: Bearer eyJhbGci...
2024-12-18 01:36:33,820 - urllib3.connectionpool - DEBUG - Starting new HTTPS connection (1): api.spacetraders.io:443
2024-12-18 01:36:34,092 - urllib3.connectionpool - DEBUG - https://api.spacetraders.io:443 "GET /v2/systems/X1/waypoints HTTP/11" 404 85
2024-12-18 01:36:34,094 - root - WARNING - HTTP error on /systems/X1/waypoints, retrying in 3.0s: 404 Client Error: Not Found for url: https://api.spacetraders.io/v2/systems/X1/waypoints
2024-12-18 01:36:37,095 - root - DEBUG - API call attempt 3/3 to /systems/X1/waypoints
2024-12-18 01:36:37,095 - root - DEBUG - Making GET request to https://api.spacetraders.io/v2/systems/X1/waypoints
2024-12-18 01:36:37,095 - root - DEBUG - Using auth token: Bearer eyJhbGci...
2024-12-18 01:36:37,095 - urllib3.connectionpool - DEBUG - Starting new HTTPS connection (1): api.spacetraders.io:443
2024-12-18 01:36:37,416 - urllib3.connectionpool - DEBUG - https://api.spacetraders.io:443 "GET /v2/systems/X1/waypoints HTTP/11" 404 85
2024-12-18 01:36:37,417 - root - ERROR - API call to /systems/X1/waypoints failed after 3 attempts: 404 Client Error: Not Found for url: https://api.spacetraders.io/v2/systems/X1/waypoints - {"error":{"message":"Resource with the given identifier does not exist.","code":404}}
2024-12-18 01:36:38,419 - root - DEBUG - API call attempt 1/3 to /systems/X1/waypoints
2024-12-18 01:36:38,420 - root - DEBUG - Making GET request to https://api.spacetraders.io/v2/systems/X1/waypoints
2024-12-18 01:36:38,420 - root - DEBUG - Using auth token: Bearer eyJhbGci...
2024-12-18 01:36:38,421 - urllib3.connectionpool - DEBUG - Starting new HTTPS connection (1): api.spacetraders.io:443
2024-12-18 01:36:38,695 - urllib3.connectionpool - DEBUG - https://api.spacetraders.io:443 "GET /v2/systems/X1/waypoints HTTP/11" 404 85
2024-12-18 01:36:38,696 - root - WARNING - HTTP error on /systems/X1/waypoints, retrying in 1.8s: 404 Client Error: Not Found for url: https://api.spacetraders.io/v2/systems/X1/waypoints
2024-12-18 01:36:40,497 - root - DEBUG - API call attempt 2/3 to /systems/X1/waypoints
2024-12-18 01:36:40,497 - root - DEBUG - Making GET request to https://api.spacetraders.io/v2/systems/X1/waypoints
2024-12-18 01:36:40,497 - root - DEBUG - Using auth token: Bearer eyJhbGci...
2024-12-18 01:36:40,499 - urllib3.connectionpool - DEBUG - Starting new HTTPS connection (1): api.spacetraders.io:443
2024-12-18 01:36:40,769 - urllib3.connectionpool - DEBUG - https://api.spacetraders.io:443 "GET /v2/systems/X1/waypoints HTTP/11" 404 85
2024-12-18 01:36:40,770 - root - WARNING - HTTP error on /systems/X1/waypoints, retrying in 4.0s: 404 Client Error: Not Found for url: https://api.spacetraders.io/v2/systems/X1/waypoints
2024-12-18 01:36:44,771 - root - DEBUG - API call attempt 3/3 to /systems/X1/waypoints
2024-12-18 01:36:44,771 - root - DEBUG - Making GET request to https://api.spacetraders.io/v2/systems/X1/waypoints
2024-12-18 01:36:44,771 - root - DEBUG - Using auth token: Bearer eyJhbGci...
2024-12-18 01:36:44,772 - urllib3.connectionpool - DEBUG - Starting new HTTPS connection (1): api.spacetraders.io:443
2024-12-18 01:36:45,084 - urllib3.connectionpool - DEBUG - https://api.spacetraders.io:443 "GET /v2/systems/X1/waypoints HTTP/11" 404 85
2024-12-18 01:36:45,086 - root - ERROR - API call to /systems/X1/waypoints failed after 3 attempts: 404 Client Error: Not Found for url: https://api.spacetraders.io/v2/systems/X1/waypoints - {"error":{"message":"Resource with the given identifier does not exist.","code":404}}
2024-12-18 01:36:47,087 - root - WARNING - High error rate for endpoint /systems/X1/waypoints, increasing backoff
2024-12-18 01:36:57,090 - root - DEBUG - API call attempt 1/3 to /systems/X1/waypoints
2024-12-18 01:36:57,091 - root - DEBUG - Making GET request to https://api.spacetraders.io/v2/systems/X1/waypoints
2024-12-18 01:36:57,091 - root - DEBUG - Using auth token: Bearer eyJhbGci...
2024-12-18 01:36:57,093 - urllib3.connectionpool - DEBUG - Starting new HTTPS connection (1): api.spacetraders.io:443
2024-12-18 01:36:57,552 - urllib3.connectionpool - DEBUG - https://api.spacetraders.io:443 "GET /v2/systems/X1/waypoints HTTP/11" 404 85
2024-12-18 01:36:57,553 - root - WARNING - HTTP error on /systems/X1/waypoints, retrying in 2.2s: 404 Client Error: Not Found for url: https://api.spacetraders.io/v2/systems/X1/waypoints
2024-12-18 01:36:59,720 - root - DEBUG - API call attempt 2/3 to /systems/X1/waypoints
2024-12-18 01:36:59,720 - root - DEBUG - Making GET request to https://api.spacetraders.io/v2/systems/X1/waypoints
2024-12-18 01:36:59,720 - root - DEBUG - Using auth token: Bearer eyJhbGci...
2024-12-18 01:36:59,721 - urllib3.connectionpool - DEBUG - Starting new HTTPS connection (1): api.spacetraders.io:443
2024-12-18 01:37:00,107 - urllib3.connectionpool - DEBUG - https://api.spacetraders.io:443 "GET /v2/systems/X1/waypoints HTTP/11" 404 85
2024-12-18 01:37:00,108 - root - WARNING - HTTP error on /systems/X1/waypoints, retrying in 4.7s: 404 Client Error: Not Found for url: https://api.spacetraders.io/v2/systems/X1/waypoints
2024-12-18 01:37:01,392 - root - DEBUG - API call attempt 1/3 to /my/ships
2024-12-18 01:37:01,392 - root - DEBUG - Making GET request to https://api.spacetraders.io/v2/my/ships
2024-12-18 01:37:01,392 - root - DEBUG - Using auth token: Bearer eyJhbGci...
2024-12-18 01:37:01,395 - urllib3.connectionpool - DEBUG - Starting new HTTPS connection (1): api.spacetraders.io:443
2024-12-18 01:37:01,807 - urllib3.connectionpool - DEBUG - https://api.spacetraders.io:443 "GET /v2/my/ships HTTP/11" 200 5614
2024-12-18 01:37:01,811 - root - DEBUG - API call to /my/ships successful
2024-12-18 01:37:01,817 - root - DEBUG - API call attempt 1/3 to /my/contracts
2024-12-18 01:37:01,817 - root - DEBUG - Making GET request to https://api.spacetraders.io/v2/my/contracts
2024-12-18 01:37:01,818 - root - DEBUG - Using auth token: Bearer eyJhbGci...
2024-12-18 01:37:01,819 - urllib3.connectionpool - DEBUG - Starting new HTTPS connection (1): api.spacetraders.io:443
2024-12-18 01:37:02,193 - urllib3.connectionpool - DEBUG - https://api.spacetraders.io:443 "GET /v2/my/contracts HTTP/11" 200 459
2024-12-18 01:37:02,195 - root - DEBUG - API call to /my/contracts successful
2024-12-18 01:37:02,197 - root - DEBUG - API call attempt 1/3 to /my/ships
2024-12-18 01:37:02,197 - root - DEBUG - Making GET request to https://api.spacetraders.io/v2/my/ships
2024-12-18 01:37:02,197 - root - DEBUG - Using auth token: Bearer eyJhbGci...
2024-12-18 01:37:02,198 - urllib3.connectionpool - DEBUG - Starting new HTTPS connection (1): api.spacetraders.io:443
2024-12-18 01:37:02,756 - urllib3.connectionpool - DEBUG - https://api.spacetraders.io:443 "GET /v2/my/ships HTTP/11" 200 5614
2024-12-18 01:37:02,757 - root - DEBUG - API call to /my/ships successful
2024-12-18 01:37:02,757 - root - DEBUG - API call attempt 1/3 to /systems/X1-TY45/waypoints/X1-TY45-A1/market
2024-12-18 01:37:02,757 - root - DEBUG - Making GET request to https://api.spacetraders.io/v2/systems/X1-TY45/waypoints/X1-TY45-A1/market
2024-12-18 01:37:02,757 - root - DEBUG - Using auth token: Bearer eyJhbGci...
2024-12-18 01:37:02,758 - urllib3.connectionpool - DEBUG - Starting new HTTPS connection (1): api.spacetraders.io:443
2024-12-18 01:37:03,144 - urllib3.connectionpool - DEBUG - https://api.spacetraders.io:443 "GET /v2/systems/X1-TY45/waypoints/X1-TY45-A1/market HTTP/11" 200 5743
2024-12-18 01:37:03,147 - root - DEBUG - API call to /systems/X1-TY45/waypoints/X1-TY45-A1/market successful
2024-12-18 01:37:04,777 - root - DEBUG - API call attempt 3/3 to /systems/X1/waypoints
2024-12-18 01:37:04,777 - root - DEBUG - Making GET request to https://api.spacetraders.io/v2/systems/X1/waypoints
2024-12-18 01:37:04,777 - root - DEBUG - Using auth token: Bearer eyJhbGci...
2024-12-18 01:37:04,777 - urllib3.connectionpool - DEBUG - Starting new HTTPS connection (1): api.spacetraders.io:443
2024-12-18 01:37:05,163 - urllib3.connectionpool - DEBUG - https://api.spacetraders.io:443 "GET /v2/systems/X1/waypoints HTTP/11" 404 85
2024-12-18 01:37:05,165 - root - ERROR - API call to /systems/X1/waypoints failed after 3 attempts: 404 Client Error: Not Found for url: https://api.spacetraders.io/v2/systems/X1/waypoints - {"error":{"message":"Resource with the given identifier does not exist.","code":404}}
2024-12-18 01:37:05,165 - root - ERROR - Error finding shipyard: 404 Client Error: Not Found for url: https://api.spacetraders.io/v2/systems/X1/waypoints
2024-12-18 01:37:05,165 - root - ERROR - Failed to purchase mining ship: No shipyard found
2024-12-18 01:37:05,165 - root - ERROR - Mining ship error: No shipyard found
2024-12-18 01:37:10,169 - root - WARNING - Pausing agent due to high error rate: 90.0%
2024-12-18 01:37:15,170 - root - WARNING - Pausing agent due to high error rate: 90.0%
2024-12-18 01:37:20,171 - root - WARNING - Pausing agent due to high error rate: 90.0%
2024-12-18 01:37:25,172 - root - WARNING - Pausing agent due to high error rate: 90.0%
2024-12-18 01:37:30,173 - root - WARNING - Pausing agent due to high error rate: 90.0%
2024-12-18 01:37:31,397 - root - DEBUG - API call attempt 1/3 to /my/ships
2024-12-18 01:37:31,397 - root - DEBUG - Making GET request to https://api.spacetraders.io/v2/my/ships
2024-12-18 01:37:31,397 - root - DEBUG - Using auth token: Bearer eyJhbGci...
2024-12-18 01:37:31,400 - urllib3.connectionpool - DEBUG - Starting new HTTPS connection (1): api.spacetraders.io:443
2024-12-18 01:37:31,859 - urllib3.connectionpool - DEBUG - https://api.spacetraders.io:443 "GET /v2/my/ships HTTP/11" 200 5614
2024-12-18 01:37:31,861 - root - DEBUG - API call to /my/ships successful
2024-12-18 01:37:31,866 - root - DEBUG - API call attempt 1/3 to /my/contracts
2024-12-18 01:37:31,866 - root - DEBUG - Making GET request to https://api.spacetraders.io/v2/my/contracts
2024-12-18 01:37:31,866 - root - DEBUG - Using auth token: Bearer eyJhbGci...
2024-12-18 01:37:31,869 - urllib3.connectionpool - DEBUG - Starting new HTTPS connection (1): api.spacetraders.io:443
2024-12-18 01:37:32,259 - urllib3.connectionpool - DEBUG - https://api.spacetraders.io:443 "GET /v2/my/contracts HTTP/11" 200 459
2024-12-18 01:37:32,262 - root - DEBUG - API call to /my/contracts successful
2024-12-18 01:37:32,266 - root - DEBUG - API call attempt 1/3 to /my/ships
2024-12-18 01:37:32,266 - root - DEBUG - Making GET request to https://api.spacetraders.io/v2/my/ships
2024-12-18 01:37:32,266 - root - DEBUG - Using auth token: Bearer eyJhbGci...
2024-12-18 01:37:32,268 - urllib3.connectionpool - DEBUG - Starting new HTTPS connection (1): api.spacetraders.io:443
2024-12-18 01:37:32,657 - urllib3.connectionpool - DEBUG - https://api.spacetraders.io:443 "GET /v2/my/ships HTTP/11" 200 5614
2024-12-18 01:37:32,661 - root - DEBUG - API call to /my/ships successful
2024-12-18 01:37:32,661 - root - DEBUG - API call attempt 1/3 to /systems/X1-TY45/waypoints/X1-TY45-A1/market
2024-12-18 01:37:32,661 - root - DEBUG - Making GET request to https://api.spacetraders.io/v2/systems/X1-TY45/waypoints/X1-TY45-A1/market
2024-12-18 01:37:32,661 - root - DEBUG - Using auth token: Bearer eyJhbGci...
2024-12-18 01:37:32,662 - urllib3.connectionpool - DEBUG - Starting new HTTPS connection (1): api.spacetraders.io:443
2024-12-18 01:37:33,059 - urllib3.connectionpool - DEBUG - https://api.spacetraders.io:443 "GET /v2/systems/X1-TY45/waypoints/X1-TY45-A1/market HTTP/11" 200 5743
2024-12-18 01:37:33,062 - root - DEBUG - API call to /systems/X1-TY45/waypoints/X1-TY45-A1/market successful
2024-12-18 01:37:35,174 - root - WARNING - Pausing agent due to high error rate: 64.3%
2024-12-18 01:37:40,175 - root - WARNING - Pausing agent due to high error rate: 64.3%
2024-12-18 01:37:45,178 - root - INFO - Agent stopped
2024-12-18 01:38:58,968 - main - INFO - Starting SpaceTraders Zero
2024-12-18 01:38:58,968 - main - INFO - Environment variables loaded
2024-12-18 01:38:58,968 - main - INFO - Initializing WX App
2024-12-18 01:38:58,973 - root - INFO - MainWindow: Base window initialized
2024-12-18 01:38:58,974 - root - INFO - MainWindow: API client created
2024-12-18 01:38:58,975 - root - INFO - Automated trader initialized
2024-12-18 01:38:58,975 - root - INFO - MainWindow: Trader agent initialized
2024-12-18 01:38:58,975 - root - INFO - MainWindow: Timer initialized
2024-12-18 01:38:59,023 - root - INFO - MainWindow: UI initialized
2024-12-18 01:38:59,034 - root - INFO - MainWindow: Tray initialized
2024-12-18 01:38:59,060 - main - INFO - Main window created and shown
2024-12-18 01:39:02,172 - root - INFO - Agent thread started
2024-12-18 01:39:02,172 - root - DEBUG - Starting agent cycle
2024-12-18 01:39:02,174 - urllib3.connectionpool - DEBUG - Starting new HTTPS connection (1): api.spacetraders.io:443
2024-12-18 01:39:02,486 - urllib3.connectionpool - DEBUG - https://api.spacetraders.io:443 "GET /v2/my/contracts HTTP/11" 200 459
2024-12-18 01:39:02,488 - urllib3.connectionpool - DEBUG - Starting new HTTPS connection (1): api.spacetraders.io:443
2024-12-18 01:39:02,780 - urllib3.connectionpool - DEBUG - https://api.spacetraders.io:443 "GET /v2/my/ships HTTP/11" 200 5614
2024-12-18 01:39:02,782 - root - INFO - Current ships: ['CDM2766-1', 'CDM2766-2']
2024-12-18 01:39:02,782 - root - INFO - No mining ship found, attempting to purchase one
2024-12-18 01:39:02,782 - urllib3.connectionpool - DEBUG - Starting new HTTPS connection (1): api.spacetraders.io:443
2024-12-18 01:39:03,051 - urllib3.connectionpool - DEBUG - https://api.spacetraders.io:443 "GET /v2/my/agent HTTP/11" 200 155
2024-12-18 01:39:03,052 - urllib3.connectionpool - DEBUG - Starting new HTTPS connection (1): api.spacetraders.io:443
2024-12-18 01:39:03,348 - urllib3.connectionpool - DEBUG - https://api.spacetraders.io:443 "GET /v2/systems/X1/waypoints HTTP/11" 404 85
2024-12-18 01:39:03,348 - root - ERROR - HTTP error on systems/X1/waypoints: 404 Client Error: Not Found for url: https://api.spacetraders.io/v2/systems/X1/waypoints
2024-12-18 01:39:04,350 - urllib3.connectionpool - DEBUG - Starting new HTTPS connection (1): api.spacetraders.io:443
2024-12-18 01:39:04,623 - urllib3.connectionpool - DEBUG - https://api.spacetraders.io:443 "GET /v2/systems/X1/waypoints HTTP/11" 404 85
2024-12-18 01:39:04,623 - root - ERROR - HTTP error on systems/X1/waypoints: 404 Client Error: Not Found for url: https://api.spacetraders.io/v2/systems/X1/waypoints
2024-12-18 01:39:06,625 - urllib3.connectionpool - DEBUG - Starting new HTTPS connection (1): api.spacetraders.io:443
2024-12-18 01:39:06,889 - urllib3.connectionpool - DEBUG - https://api.spacetraders.io:443 "GET /v2/systems/X1/waypoints HTTP/11" 404 85
2024-12-18 01:39:06,889 - root - ERROR - HTTP error on systems/X1/waypoints: 404 Client Error: Not Found for url: https://api.spacetraders.io/v2/systems/X1/waypoints
2024-12-18 01:39:06,889 - root - ERROR - Error finding shipyard: 404 Client Error: Not Found for url: https://api.spacetraders.io/v2/systems/X1/waypoints
2024-12-18 01:39:06,891 - root - ERROR - Failed to purchase mining ship: No shipyard found
2024-12-18 01:39:06,891 - root - ERROR - Mining ship error: No shipyard found
2024-12-18 01:39:11,898 - root - DEBUG - Starting agent cycle
2024-12-18 01:39:11,898 - urllib3.connectionpool - DEBUG - Starting new HTTPS connection (1): api.spacetraders.io:443
2024-12-18 01:39:12,186 - urllib3.connectionpool - DEBUG - https://api.spacetraders.io:443 "GET /v2/my/contracts HTTP/11" 200 459
2024-12-18 01:39:12,188 - urllib3.connectionpool - DEBUG - Starting new HTTPS connection (1): api.spacetraders.io:443
2024-12-18 01:39:12,478 - urllib3.connectionpool - DEBUG - https://api.spacetraders.io:443 "GET /v2/my/ships HTTP/11" 200 5614
2024-12-18 01:39:12,479 - root - INFO - Current ships: ['CDM2766-1', 'CDM2766-2']
2024-12-18 01:39:12,479 - root - INFO - No mining ship found, attempting to purchase one
2024-12-18 01:39:12,479 - urllib3.connectionpool - DEBUG - Starting new HTTPS connection (1): api.spacetraders.io:443
2024-12-18 01:39:12,752 - urllib3.connectionpool - DEBUG - https://api.spacetraders.io:443 "GET /v2/my/agent HTTP/11" 200 155
2024-12-18 01:39:12,755 - urllib3.connectionpool - DEBUG - Starting new HTTPS connection (1): api.spacetraders.io:443
2024-12-18 01:39:13,024 - urllib3.connectionpool - DEBUG - https://api.spacetraders.io:443 "GET /v2/systems/X1/waypoints HTTP/11" 404 85
2024-12-18 01:39:13,026 - root - ERROR - HTTP error on systems/X1/waypoints: 404 Client Error: Not Found for url: https://api.spacetraders.io/v2/systems/X1/waypoints
2024-12-18 01:39:14,028 - urllib3.connectionpool - DEBUG - Starting new HTTPS connection (1): api.spacetraders.io:443
2024-12-18 01:39:14,306 - urllib3.connectionpool - DEBUG - https://api.spacetraders.io:443 "GET /v2/systems/X1/waypoints HTTP/11" 404 85
2024-12-18 01:39:14,306 - root - ERROR - HTTP error on systems/X1/waypoints: 404 Client Error: Not Found for url: https://api.spacetraders.io/v2/systems/X1/waypoints
2024-12-18 01:39:16,310 - urllib3.connectionpool - DEBUG - Starting new HTTPS connection (1): api.spacetraders.io:443
2024-12-18 01:39:16,589 - urllib3.connectionpool - DEBUG - https://api.spacetraders.io:443 "GET /v2/systems/X1/waypoints HTTP/11" 404 85
2024-12-18 01:39:16,589 - root - ERROR - HTTP error on systems/X1/waypoints: 404 Client Error: Not Found for url: https://api.spacetraders.io/v2/systems/X1/waypoints
2024-12-18 01:39:16,589 - root - ERROR - Error finding shipyard: 404 Client Error: Not Found for url: https://api.spacetraders.io/v2/systems/X1/waypoints
2024-12-18 01:39:16,589 - root - ERROR - Failed to purchase mining ship: No shipyard found
2024-12-18 01:39:16,589 - root - ERROR - Mining ship error: No shipyard found
2024-12-18 01:39:21,597 - root - DEBUG - Starting agent cycle
2024-12-18 01:39:21,598 - urllib3.connectionpool - DEBUG - Starting new HTTPS connection (1): api.spacetraders.io:443
2024-12-18 01:39:21,884 - urllib3.connectionpool - DEBUG - https://api.spacetraders.io:443 "GET /v2/my/contracts HTTP/11" 200 459
2024-12-18 01:39:21,885 - urllib3.connectionpool - DEBUG - Starting new HTTPS connection (1): api.spacetraders.io:443
2024-12-18 01:39:22,188 - urllib3.connectionpool - DEBUG - https://api.spacetraders.io:443 "GET /v2/my/ships HTTP/11" 200 5614
2024-12-18 01:39:22,189 - root - INFO - Current ships: ['CDM2766-1', 'CDM2766-2']
2024-12-18 01:39:22,189 - root - INFO - No mining ship found, attempting to purchase one
2024-12-18 01:39:22,190 - urllib3.connectionpool - DEBUG - Starting new HTTPS connection (1): api.spacetraders.io:443
2024-12-18 01:39:22,456 - urllib3.connectionpool - DEBUG - https://api.spacetraders.io:443 "GET /v2/my/agent HTTP/11" 200 155
2024-12-18 01:39:22,459 - urllib3.connectionpool - DEBUG - Starting new HTTPS connection (1): api.spacetraders.io:443
2024-12-18 01:39:22,729 - urllib3.connectionpool - DEBUG - https://api.spacetraders.io:443 "GET /v2/systems/X1/waypoints HTTP/11" 404 85
2024-12-18 01:39:22,729 - root - ERROR - HTTP error on systems/X1/waypoints: 404 Client Error: Not Found for url: https://api.spacetraders.io/v2/systems/X1/waypoints
2024-12-18 01:39:23,732 - urllib3.connectionpool - DEBUG - Starting new HTTPS connection (1): api.spacetraders.io:443
2024-12-18 01:39:24,001 - urllib3.connectionpool - DEBUG - https://api.spacetraders.io:443 "GET /v2/systems/X1/waypoints HTTP/11" 404 85
2024-12-18 01:39:24,002 - root - ERROR - HTTP error on systems/X1/waypoints: 404 Client Error: Not Found for url: https://api.spacetraders.io/v2/systems/X1/waypoints
2024-12-18 01:39:26,005 - urllib3.connectionpool - DEBUG - Starting new HTTPS connection (1): api.spacetraders.io:443
2024-12-18 01:39:26,334 - urllib3.connectionpool - DEBUG - https://api.spacetraders.io:443 "GET /v2/systems/X1/waypoints HTTP/11" 404 85
2024-12-18 01:39:26,335 - root - ERROR - HTTP error on systems/X1/waypoints: 404 Client Error: Not Found for url: https://api.spacetraders.io/v2/systems/X1/waypoints
2024-12-18 01:39:26,335 - root - ERROR - Error finding shipyard: 404 Client Error: Not Found for url: https://api.spacetraders.io/v2/systems/X1/waypoints
2024-12-18 01:39:26,335 - root - ERROR - Failed to purchase mining ship: No shipyard found
2024-12-18 01:39:26,335 - root - ERROR - Mining ship error: No shipyard found
2024-12-18 01:39:27,576 - root - WARNING - Agent thread did not stop cleanly
2024-12-18 01:39:27,577 - root - INFO - Agent stopped
